
2014-04-03 11:55:15|orderid[Buy]|str[10012367421Buy1001236742120140403110415310015671899CNY真爱一生网高级会员真爱一生网服务升级会员http://www.zhenaiyisheng.cc/module/payment/yeepaynotifyurl.php0]|hmac[056707280e74d87e7a7cbe0f32e8c447]
2014-04-03 11:56:22|orderid[Buy]|str[10012367421Buy1001236742120140403110422310015671899CNY真爱一生网高级会员真爱一生网服务升级会员http://www.zhenaiyisheng.cc/module/payment/yeepaynotifyurl.php0]|hmac[4e99aab747a2d3849975d794f8383009]
2014-04-03 11:56:32|orderid[Buy]|str[10012367421Buy1001236742120140403110432310015671899CNY真爱一生网高级会员真爱一生网服务升级会员http://www.zhenaiyisheng.cc/module/payment/yeepaynotifyurl.php0]|hmac[a97b876859197cd537fab9b8e1f4427d]
2014-04-03 11:56:55|orderid[Buy]|str[10012367421Buy1001236742120140403110455310015671899CNY真爱一生网高级会员真爱一生网服务升级会员http://www.zhenaiyisheng.cc/module/payment/yeepaynotifyurl.php0]|hmac[245200cae63dca619657a405e1aafc6b]
2014-04-03 11:57:02|orderid[Buy]|str[10012367421Buy1001236742120140403110401310015671899CNY真爱一生网高级会员真爱一生网服务升级会员http://www.zhenaiyisheng.cc/module/payment/yeepaynotifyurl.php0]|hmac[768fe1e2a1361e63041761adadf13056]
2014-04-03 11:57:06|orderid[Buy]|str[10012367421Buy1001236742120140403110406310015671899CNY真爱一生网高级会员真爱一生网服务升级会员http://www.zhenaiyisheng.cc/module/payment/yeepaynotifyurl.php0]|hmac[ffd94e3d14f161556ab0c6c9db87d725]
2014-04-03 12:02:27|orderid[Buy]|str[10012367421Buy1001236742120140403120427310015671899CNY真爱一生网高级会员真爱一生网服务升级会员http://www.zhenaiyisheng.cc/module/payment/yeepaynotifyurl.php0]|hmac[d8b20b8cdac5ac7a52e6c865f4216430]
2014-04-03 12:04:54|orderid[Buy]|str[10012367421Buy1001236742120140403120453310015671899CNY真爱一生网高级会员真爱一生网服务升级会员http://www.zhenaiyisheng.cc/module/payment/yeepaynotifyurl.php0]|hmac[402deae8443cd033f998e1a420f3945d]
2014-04-03 12:07:30|orderid[Buy]|str[10012367421Buy1001236742120140403120430310015671899CNY真爱一生网高级会员真爱一生网服务升级会员http://www.zhenaiyisheng.cc/module/payment/yeepaynotifyurl.php0]|hmac[34fb35d0d1f3726534feb7997c98793d]
2014-04-03 12:09:27|orderid[2014040312042731001567]|str[1001236742120140403120427310015671899CNY真爱一生网高级会员真爱一生网服务升级会员http://www.zhenaiyisheng.cc/module/payment/yeepaynotifyurl.php1CBHB-NET-B2C1]|hmac[6c52b79ccb3c64c1a2998a5abbb4ef7d]
2014-04-03 12:11:42|orderid[2014040312044231001567]|str[1001236742120140403120442310015671899CNY真爱一生网高级会员真爱一生网服务升级会员http://www.zhenaiyisheng.cc/module/payment/yeepaynotifyurl.php1CBHB-NET-B2C1]|hmac[5df920f9fe49241991e79588d26c3ace]
2014-04-03 12:12:40|orderid[2014040312044031001567]|str[1001236742120140403120440310015671899CNY真爱一生网高级会员真爱一生网服务升级会员http://www.zhenaiyisheng.cc/module/payment/yeepaynotifyurl.php1HKBEA-NET-B2C1]|hmac[f36c7207ae96048fb0b1bfe6a73fca47]
2014-04-03 12:20:28|orderid[2014040312042831001567]|str[1001236742120140403120428310015671899CNY真爱一生网高级会员真爱一生网服务升级会员http://www.zhenaiyisheng.cc/module/payment/yeepaynotifyurl.php1SDB-NET-B2C1]|hmac[d0f134474c1ef5767fb3aac985774246]
2014-04-03 12:20:43|orderid[2014040312044331001567]|str[1001236742120140403120443310015671899CNY真爱一生网高级会员真爱一生网服务升级会员http://www.zhenaiyisheng.cc/module/payment/yeepaynotifyurl.php1SDB-NET-B2C1]|hmac[ec616eb04b730fe635a053f3354dce77]
2014-04-03 12:20:46|orderid[2014040312044631001567]|str[1001236742120140403120446310015671899CNY真爱一生网高级会员真爱一生网服务升级会员http://www.zhenaiyisheng.cc/module/payment/yeepaynotifyurl.php1SDB-NET-B2C1]|hmac[3858d601ed4c7af00363e9daef55573f]
2014-04-03 12:21:00|orderid[2014040312040031001567]|str[1001236742120140403120400310015671899CNY真爱一生网高级会员真爱一生网服务升级会员http://www.zhenaiyisheng.cc/module/payment/yeepaynotifyurl.php1SDB-NET-B2C1]|hmac[a18e7e08f2c10940be6d4ad316957169]
2014-04-03 12:21:54|orderid[2014040312045331001567]|str[1001236742120140403120453310015671899CNY真爱一生网高级会员真爱一生网服务升级会员http://www.zhenaiyisheng.cc/module/payment/yeepaynotifyurl.php1POST-NET-B2C1]|hmac[63d4bd9aee5414522b5101bac1f4ca27]
2014-04-03 12:22:08|orderid[2014040312040831001567]|str[1001236742120140403120408310015671899CNY真爱一生网高级会员真爱一生网服务升级会员http://www.zhenaiyisheng.cc/module/payment/yeepaynotifyurl.php1SDB-NET-B2C1]|hmac[c86e142d0c864ce7a849c7d9a1f30ddd]
2014-04-03 12:33:57|orderid[2014040312045731001567]|str[1001236742120140403120457310015671899CNY真爱一生网高级会员真爱一生网服务升级会员http://www.zhenaiyisheng.cc/module/payment/yeepaynotifyurl.php1SDB-NET-B2C1]|hmac[3c59ee4bed26edcb659eb644cc2c9743]
2014-04-03 13:51:11|orderid[2014040313041131001567]|str[1001236742120140403130411310015671899CNY真爱一生网高级会员真爱一生网服务升级会员http://www.zhenaiyisheng.cc/module/payment/yeepaynotifyurl.php1POST-NET-B2C1]|hmac[4d3029fb115ff39a3d274cdf02cd4961]
2014-04-03 13:56:32|orderid[2014040313043231001567]|str[1001236742120140403130432310015671899CNY真爱一生网高级会员真爱一生网服务升级会员http://www.zhenaiyisheng.cc/module/payment/yeepaynotifyurl.php1CBHB-NET-B2C1]|hmac[da6557b04b1610a51f3d95b513289210]
2014-04-03 14:02:16|orderid[2014040314041631001567]|str[1001236742120140403140416310015671899CNY真爱一生网高级会员真爱一生网服务升级会员http://www.zhenaiyisheng.cc/module/payment/yeepaynotifyurl.php1BOCO-NET-B2C1]|hmac[731fe6e0540007458d49052be84e7968]
2014-04-03 14:05:38|orderid[2014040314043831001567]|str[1001236742120140403140438310015671899CNY真爱一生网高级会员真爱一生网服务升级会员http://www.zhenaiyisheng.cc/module/payment/yeepaynotifyurl.php1NBCB-NET-B2C1]|hmac[d4743388062febc10501b1ef4d1d2e0d]
2014-04-03 14:14:38|orderid[2014040314043831001567]|str[1001236742120140403140438310015671899CNY真爱一生网高级会员真爱一生网服务升级会员http://www.zhenaiyisheng.cc/module/payment/yeepaynotifyurl.php1CBHB-NET-B2C1]|hmac[dff4eb313eba206a2d907afd5c9258d8]
2014-04-03 14:19:07|orderid[2014040314040731001567]|str[1001236742120140403140407310015671899CNY真爱一生网高级会员真爱一生网服务升级会员http://www.zhenaiyisheng.cc/module/payment/yeepaynotifyurl.php1CBHB-NET-B2C1]|hmac[39d3105ea3a538ac04ff8a30896f180e]
2014-04-03 14:20:37|orderid[2014040314043731001567]|str[1001236742120140403140437310015671899CNY真爱一生网高级会员真爱一生网服务升级会员http://www.zhenaiyisheng.cc/module/payment/yeepaynotifyurl.php1CBHB-NET-B2C1]|hmac[d871766023b151c87b26a57f377b3444]
2014-04-03 14:20:50|orderid[2014040314045031001567]|str[1001236742120140403140450310015671899CNY真爱一生网高级会员真爱一生网服务升级会员http://www.zhenaiyisheng.cc/module/payment/yeepaynotifyurl.php1CBHB-NET-B2C1]|hmac[65d81eaf96a8e3dab922704338f257d9]
2014-04-03 14:22:55|orderid[2014040314045531001567]|str[1001236742120140403140455310015671899CNY真爱一生网高级会员真爱一生网服务升级会员http://www.zhenaiyisheng.cc/module/payment/yeepaynotifyurl.php1CBHB-NET-B2C1]|hmac[1cdc89d5b67fb9e74e40b74d2d5cbf06]
2014-04-03 14:23:51|orderid[2014040314045131001567]|str[1001236742120140403140451310015671899CNY真爱一生网高级会员真爱一生网服务升级会员http://www.zhenaiyisheng.cc/module/payment/yeepaynotifyurl.php1CBHB-NET-B2C1]|hmac[362e081bffd1a8e59b14be23cd0619cd]
2014-04-03 14:23:56|orderid[2014040314045631001567]|str[1001236742120140403140456310015671899CNY真爱一生网高级会员真爱一生网服务升级会员http://www.zhenaiyisheng.cc/module/payment/yeepaynotifyurl.php1CBHB-NET-B2C1]|hmac[45e595f52affacd89e505592a161ee07]
2014-04-03 14:26:12|orderid[2014040314041231001567]|str[1001236742120140403140412310015671899CNY真爱一生网高级会员真爱一生网服务升级会员http://www.zhenaiyisheng.cc/module/payment/yeepaynotifyurl.php1CBHB-NET-B2C1]|hmac[5ebe3e9766d2ea31a51da4479d526a8f]
2014-04-03 14:27:06|orderid[2014040314040631001567]|str[1001236742120140403140406310015671899CNY真爱一生网高级会员真爱一生网服务升级会员http://www.zhenaiyisheng.cc/module/payment/yeepaynotifyurl.php1POST-NET-B2C1]|hmac[cd194871cae8e00efa8c38ae111d93da]
2014-04-03 14:27:10|orderid[2014040314040931001567]|str[1001236742120140403140409310015671899CNY真爱一生网高级会员真爱一生网服务升级会员http://www.zhenaiyisheng.cc/module/payment/yeepaynotifyurl.php1POST-NET-B2C1]|hmac[d9cf8ba1ebbbafa29b5e8e8d4e4165d1]
2014-04-03 14:27:13|orderid[2014040314041331001567]|str[1001236742120140403140413310015671899CNY真爱一生网高级会员真爱一生网服务升级会员http://www.zhenaiyisheng.cc/module/payment/yeepaynotifyurl.php1HKBEA-NET-B2C1]|hmac[47f335e5a53b52916b35312435d0ec7e]
2014-04-03 14:27:19|orderid[2014040314041931001567]|str[1001236742120140403140419310015671899CNY真爱一生网高级会员真爱一生网服务升级会员http://www.zhenaiyisheng.cc/module/payment/yeepaynotifyurl.php1BOC-NET-B2C1]|hmac[6ed3144af077c014ce5a95a5aea9115d]
2014-04-03 14:27:25|orderid[2014040314042531001567]|str[1001236742120140403140425310015671899CNY真爱一生网高级会员真爱一生网服务升级会员http://www.zhenaiyisheng.cc/module/payment/yeepaynotifyurl.php1CEB-NET-B2C1]|hmac[ac0c45b0550acbc5fee7c2f2d39e07ab]
2014-04-03 14:30:04|orderid[2014040314040331001567]|str[1001236742120140403140403310015671899CNY真爱一生网高级会员真爱一生网服务升级会员http://www.zhenaiyisheng.cc/module/payment/yeepaynotifyurl.php1HKBEA-NET-B2C1]|hmac[73d0a6f953079e65a2250f4d5b2464e0]
2014-04-03 14:36:01|orderid[2014040314040131001567]|str[1001236742120140403140401310015671899CNY真爱一生网高级会员真爱一生网服务升级会员http://www.zhenaiyisheng.cc/module/payment/yeepaynotifyurl.php1CBHB-NET-B2C1]|hmac[413a7692e65b729ed1b3b56e50692895]
2014-04-03 14:37:20|orderid[2014040314042031001567]|str[1001236742120140403140420310015671899CNY真爱一生网高级会员真爱一生网服务升级会员http://www.zhenaiyisheng.cc/module/payment/yeepaynotifyurl.php1CBHB-NET-B2C1]|hmac[fff29fe9b257102021ea3aa1fdf322f5]
2014-04-03 14:37:55|orderid[2014040314045531001567]|str[1001236742120140403140455310015671899CNY真爱一生网高级会员真爱一生网服务升级会员http://www.zhenaiyisheng.cc/module/payment/yeepaynotifyurl.php1SDB-NET-B2C1]|hmac[89af949625e3d341dada07264402908c]
2014-04-03 14:41:11|orderid[2014040314041131001567]|str[1001236742120140403140411310015671899CNY真爱一生网高级会员真爱一生网服务升级会员http://www.zhenaiyisheng.cc/module/payment/yeepaynotifyurl.php1SDB-NET-B2C1]|hmac[0a26948a00849c529bff79a229ae8996]
2014-04-03 14:46:51|orderid[2014040314045131001567]|str[1001236742120140403140451310015671899CNY真爱一生网高级会员真爱一生网服务升级会员http://www.zhenaiyisheng.cc/module/payment/yeepaynotifyurl.php1SDB-NET-B2C1]|hmac[4ff5d2a3ae9e001a695f9b5090f67b79]
2014-04-03 14:49:07|orderid[2014040314040631001567]|str[1001236742120140403140406310015671899CNY真爱一生网高级会员真爱一生网服务升级会员http://www.zhenaiyisheng.cc/module/payment/yeepaynotifyurl.php1SDB-NET-B2C1]|hmac[ca3b9713edd613b95dc7ffc2d9f7d86e]
2014-04-03 14:50:41|orderid[2014040314044131001567]|str[1001236742120140403140441310015671899CNY真爱一生网高级会员真爱一生网服务升级会员http://www.zhenaiyisheng.cc/module/payment/yeepaynotifyurl.php1SDB-NET-B2C1]|hmac[6806cefcfcf2451dc00ae8fd90dad473]
2014-04-03 14:56:47|orderid[2014040314044731001567]|str[1001236742120140403140447310015671899CNY真爱一生网高级会员真爱一生网服务升级会员http://www.zhenaiyisheng.cc/module/payment/yeepaynotifyurl.php1SDB-NET-B2C1]|hmac[35e3d2a487fe7cd0f15f30eb6ba8e024]
2014-04-03 15:00:22|orderid[2014040315042231001567]|str[1001236742120140403150422310015671899CNY真爱一生网高级会员真爱一生网服务升级会员http://www.zhenaiyisheng.cc/module/payment/yeepaynotifyurl.php1SDB-NET-B2C1]|hmac[48a5eeffaa74a7fd1e4cdbd72f7f23de]
2014-04-03 15:02:30|orderid[2014040315043031001567]|str[1001236742120140403150430310015671899CNY真爱一生网高级会员真爱一生网服务升级会员http://www.zhenaiyisheng.cc/module/payment/yeepaynotifyurl.php1GDB-NET-B2C1]|hmac[53b23ef004e9f55e7243ad815c9ca45f]
2014-04-03 15:12:23|orderid[2014040315042331001567]|str[1001236742120140403150423310015671899CNY真爱一生网高级会员真爱一生网服务升级会员http://www.zhenaiyisheng.cc/module/payment/yeepaynotifyurl.php1GDB-NET-B2C1]|hmac[aef6489d36745b086a943fe04fd4519e]
2014-04-03 15:16:41|orderid[2014040315044131001567]|str[1001236742120140403150441310015671899CNY真爱一生网高级会员真爱一生网服务升级会员http://www.zhenaiyisheng.cc/module/payment/yeepaynotifyurl.php1CEB-NET-B2C1]|hmac[59ad7ec3ce352c4a2ef851b3fc541b79]
2014-04-03 15:18:55|orderid[2014040315045531001567]|str[1001236742120140403150455310015671899CNY真爱一生网高级会员真爱一生网服务升级会员http://www.zhenaiyisheng.cc/module/payment/yeepaynotifyurl.php1CBHB-NET-B2C1]|hmac[3faafb2129289a86d48068d41c6c3d89]
2014-04-03 15:39:07|orderid[2014040315040731001567]|str[1001236742120140403150407310015671899CNY真爱一生网高级会员真爱一生网服务升级会员http://www.zhenaiyisheng.cc/module/payment/yeepaynotifyurl.php1CEB-NET-B2C1]|hmac[8d6d2e8321ffeeef3e86a3f5386071a0]
2014-04-03 15:46:21|orderid[2014040315042131001567]|str[1001236742120140403150421310015671899CNY真爱一生网高级会员真爱一生网服务升级会员http://www.zhenaiyisheng.cc/module/payment/yeepaynotifyurl.php1ICBC-NET-B2C1]|hmac[bc0e89d1cacc7685b7ae4fb59efbe2f7]
2014-04-03 15:47:11|orderid[2014040315041131001567]|str[1001236742120140403150411310015671899CNY真爱一生网高级会员真爱一生网服务升级会员http://www.zhenaiyisheng.cc/module/payment/yeepaynotifyurl.php1BOCO-NET-B2C1]|hmac[211e90a3d892f42bc0152cc021d316d2]
2014-04-03 15:47:58|orderid[2014040315045731001567]|str[1001236742120140403150457310015671899CNY真爱一生网高级会员真爱一生网服务升级会员http://www.zhenaiyisheng.cc/module/payment/yeepaynotifyurl.php1ICBC-NET-B2C1]|hmac[540f4c30018fbdbddee7a76f0be71542]
2014-04-03 15:49:30|orderid[2014040315043031001567]|str[1001236742120140403150430310015671899CNY真爱一生网高级会员真爱一生网服务升级会员http://www.zhenaiyisheng.cc/module/payment/yeepaynotifyurl.php1ICBC-NET-B2C1]|hmac[cd6ed6cb7677841429e6969c6c8fb8eb]
2014-04-03 16:04:28|orderid[2014040316042731001659]|str[1001236742120140403160427310016591899CNY真爱一生网高级会员真爱一生网服务升级会员http://www.zhenaiyisheng.cc/module/payment/yeepaynotifyurl.php1SDB-NET-B2C1]|hmac[804915929275c956b0208469654b0e6c]
2014-04-03 16:53:41|orderid[2014040316044131001659]|str[1001236742120140403160441310016591899CNY真爱一生网高级会员ddfffhttp://www.zhenaiyisheng.cc/module/payment/yeepaynotifyurl.php1SDB-NET-B2C1]|hmac[bc7507c419494602c16cdc4d1504a31e]
2014-04-03 16:54:22|orderid[2014040316042131001659]|str[1001236742120140403160421310016591899CNY真爱一生网高级会员ddfffhttp://www.zhenaiyisheng.cc/module/payment/yeepaynotifyurl.php1CMBC-NET-B2C1]|hmac[a5b943cae7173a070d823eb482f28f39]
2014-04-03 16:55:10|orderid[2014040316041031001659]|str[1001236742120140403160410310016591899CNYddddddddfffhttp://www.zhenaiyisheng.cc/module/payment/yeepaynotifyurl.php1CMBC-NET-B2C1]|hmac[a71422c812feb1302c1abe59b98a5f34]
2014-04-03 16:55:15|orderid[2014040316041531001659]|str[1001236742120140403160415310016591899CNYddddddddfffhttp://www.zhenaiyisheng.cc/module/payment/yeepaynotifyurl.php1BOCO-NET-B2C1]|hmac[4688ac8bf65e61eb868f1f852d2bde06]
2014-04-03 16:59:45|orderid[2014040316044531001659]|str[1001236742120140403160445310016591899CNY真爱一生网高级会员真爱一生网服务升级会员http://www.zhenaiyisheng.cc/module/payment/yeepaynotifyurl.php1CBHB-NET-B2C1]|hmac[98d1c6fa92bfc2cbcb0ae0e564b5fba9]
2014-04-03 17:00:07|orderid[2014040317040731001659]|str[1001236742120140403170407310016591899CNY真爱一生网高级会员真爱一生网服务升级会员http://www.zhenaiyisheng.cc/module/payment/yeepaynotifyurl.php1CBHB-NET-B2C1]|hmac[f4b4b586927073e24bbb94068c988ef6]
2014-04-03 17:00:38|orderid[2014040317043831001659]|str[1001236742120140403170438310016591899CNY真爱一生网高级会员真爱一生网服务升级会员http://www.zhenaiyisheng.cc/module/payment/yeepaynotifyurl.php1CBHB-NET-B2C1]|hmac[2e5dc0d98dc41ced4f32f26d1c936071]
2014-04-03 17:04:04|orderid[2014040317040331001659]|str[1001236742120140403170403310016591899CNYtesttest1test2http://www.zhenaiyisheng.cc/module/payment/yeepaynotifyurl.php1CBHB-NET-B2C1]|hmac[965f41b52fa4f30cf0e7c382b1a9f603]
2014-04-03 17:04:08|orderid[2014040317040831001659]|str[1001236742120140403170408310016591899CNYtesttest1test2http://www.zhenaiyisheng.cc/module/payment/yeepaynotifyurl.php1CMBC-NET-B2C1]|hmac[e61aa6199cdc1d996c41e5da6d339d24]
2014-04-03 17:19:19|orderid[2014040317041831001659]|str[Buy1001236742120140403170418310016591899CNYtesttest1test2http://www.zhenaiyisheng.cc/module/payment/yeepaynotifyurl.php01CBHB-NET-B2C1]|hmac[f4389c8614fc8d69dd79c529b62ffaa1]
2014-04-03 17:24:27|orderid[2014040317042731001659]|str[Buy1001236742120140403170427310016591899CNY真爱一生网高级会员真爱一生网服务会员升级http://www.zhenaiyisheng.cc/module/payment/yeepaynotifyurl.php01CMBC-NET-B2C1]|hmac[a08f05e3dabf483739f7641020b1d4dc]
2014-04-03 17:31:27|orderid[2014040317042731001659]|str[Buy1001236742120140403170427310016591899CNY真爱一生网高级会员真爱一生网服务会员升级http://www.zhenaiyisheng.cc/module/payment/yeepaynotifyurl.php01CBHB-NET-B2C1]|hmac[b13da65a1e39282bd33b4eb8894c6b38]
2014-04-05 10:48:34|orderid[2014040510043431001659]|str[Buy1001236742120140405100434310016592999CNYhttp://www.zhenaiyisheng.cc/module/payment/yeepaynotifyurl.php001]|hmac[842e897e125b4f576c76144cb991b7d0]
2014-04-05 11:00:11|orderid[2014040511041131001659]|str[Buy1001236742120140405110411310016591899CNYhttp://www.zhenaiyisheng.cc/module/payment/yeepaynotifyurl.php011]|hmac[d7358ce56b01902aac90df453c2c8f40]
2014-04-05 11:00:23|orderid[2014040511042231001659]|str[Buy1001236742120140405110422310016591899CNYhttp://www.zhenaiyisheng.cc/module/payment/yeepaynotifyurl.php011]|hmac[2bae989a0c990ab01d692ff0a8f0ae5d]
2014-04-05 11:00:26|orderid[2014040511042631001659]|str[Buy1001236742120140405110426310016591899CNYhttp://www.zhenaiyisheng.cc/module/payment/yeepaynotifyurl.php011]|hmac[241996aac30ba9a75a1b6d22b3bda626]
2014-04-05 11:06:58|orderid[2014040511045831001659]|str[Buy1001236742120140405110458310016591899CNYhttp://www.zhenaiyisheng.cc/module/payment/yeepaynotifyurl.php011]|hmac[4745b50fa0b412ce73967b746f0e70b0]
2014-04-05 11:07:15|orderid[2014040511041531001659]|str[Buy1001236742120140405110415310016591899CNYhttp://www.zhenaiyisheng.cc/module/payment/yeepaynotifyurl.php011]|hmac[499397a26113ae218388b9e091022005]
2014-04-05 11:07:19|orderid[2014040511041931001659]|str[Buy1001236742120140405110419310016591899CNYhttp://www.zhenaiyisheng.cc/module/payment/yeepaynotifyurl.php011]|hmac[034b9241be01ba83340d885c94760421]
2014-04-05 11:07:26|orderid[2014040511042631001659]|str[Buy1001236742120140405110426310016591899CNYhttp://www.zhenaiyisheng.cc/module/payment/yeepaynotifyurl.php011]|hmac[241996aac30ba9a75a1b6d22b3bda626]
2014-04-05 11:12:37|orderid[2014040511043731001659]|str[Buy1001236742120140405110437310016592999CNYhttp://www.zhenaiyisheng.cc/module/payment/yeepaynotifyurl.php001]|hmac[caecb8d26f306db02f95094e3dc9eca8]
2014-04-05 11:18:21|orderid[2014040511042031001659]|str[Buy1001236742120140405110420310016591899CNYhttp://www.zhenaiyisheng.cc/module/payment/yeepaynotifyurl.php01SDB-NET-B2C1]|hmac[b75d61bc183f68971fafc09aba6ff074]
2014-04-05 14:15:26|orderid[2014040514042631001659]|str[Buy1001236742120140405140426310016595CNYhttp://www.zhenaiyisheng.cc/module/payment/yeepaynotifyurl.php0CMBC-NET-B2C1]|hmac[bbed811b01be21a7e306386d3be04926]
2014-07-15 10:50:40|orderid[2014071510074031001809]|str[Buy1001236742120140715100740310018091899CNYhttp://www.zhenaiyisheng.cc/module/payment/yeepaynotifyurl.php01BCCB-NET-B2C1]|hmac[49fc7373094885f88ae00c0077184178]
2014-07-15 15:04:43|orderid[2014071515074331001809]|str[Buy1000112685620140715150743310018091CNYhttp://www.zays.com/module/payment/yeepaynotifyurl.php06ICBC-NET-B2C1]|hmac[bfa70dadf5607925f516e59f9b117fe1]
2014-07-15 15:06:30|orderid[2014071515073031001809]|str[Buy1000112685620140715150730310018091CNYhttp://www.zays.com/module/payment/yeepaynotifyurl.php06ICBC-NET-B2C1]|hmac[f806ca0a304abfc3366404747440174c]
2014-07-15 16:10:34|orderid[2014071516073431001809]|str[Buy1000112685620140715160734310018092999CNYhttp://www.zays.com/module/payment/yeepaynotifyurl.php00ICBC-NET-B2C1]|hmac[edc93a53a4f8d8552b406a0c33c812dd]
2014-07-15 16:10:47|orderid[2014071516074731001809]|str[Buy1000112685620140715160747310018092999CNYhttp://www.zays.com/module/payment/yeepaynotifyurl.php00ICBC-NET-B2C1]|hmac[8f6dfd5aa46011283da0f2ff6156ab7d]
2014-07-15 16:11:11|orderid[2014071516071131001809]|str[Buy1001236742120140715160711310018092999CNYhttp://www.zhenaiyisheng.cc/module/payment/yeepaynotifyurl.php00ICBC-NET-B2C1]|hmac[62ba4221deaf2ca00f79494bd5ac87b4]
2014-07-15 16:12:00|orderid[2014071516070031001809]|str[Buy1000112685620140715160700310018096999CNYhttp://www.zays.com/module/payment/yeepaynotifyurl.php0-1ICBC-NET-B2C1]|hmac[686481a35541de75b70bfc01861eb458]
2014-07-15 16:12:07|orderid[2014071516070731001809]|str[Buy1000112685620140715160707310018096999CNYhttp://www.zays.com/module/payment/yeepaynotifyurl.php0-1ICBC-NET-B2C1]|hmac[2a7ff0b54a321c8f98384c8d86553591]
2014-07-15 16:12:12|orderid[2014071516071231001809]|str[Buy1000112685620140715160712310018096999CNYhttp://www.zays.com/module/payment/yeepaynotifyurl.php01001000000-NET1]|hmac[086da4260749d68da97fa3e93bab1894]
2014-07-15 16:15:55|orderid[2014071516075531001809]|str[Buy1000112685620140715160755310018091899CNYhttp://www.zays.com/module/payment/yeepaynotifyurl.php01ICBC-NET-B2C1]|hmac[10f2202b0d607c767acec484b792695e]
2014-07-15 16:19:51|orderid[2014071516075131001809]|str[Buy10001126856201407151607513100180950CNYhttp://www.zays.com/module/payment/yeepaynotifyurl.php06BCCB-NET-B2C1]|hmac[3c19a15a273605d82130986593e2fa6a]
2014-07-16 14:15:40|orderid[2014071614073931001809]|str[Buy1000112685620140716140739310018091899CNYhttp://www.zays.com/module/payment/yeepaynotifyurl.php01001000000-NET1]|hmac[bf9012838a6cbfc984969a484fc9f656]
2014-07-17 13:58:41|orderid[2014071713074131001809]|str[Buy1000112685620140717130741310018091899CNYhttp://www.zays.com/module/payment/yeepaynotifyurl.php01ICBC-NET-B2C1]|hmac[83fbe61ada9b2a2ff2b668b3fb19e130]
2014-08-05 11:48:05|orderid[2014080511080531001571]|str[Buy10001126856201408051108053100157110CNYhttp://www.zays.com/module/payment/yeepaynotifyurl.php06ICBC-NET-B2C1]|hmac[df8933f6a36b8e15196d1c9549f917dd]
2014-09-03 17:02:04|orderid[2014090317090430000001]|str[Buy1001236742120140903170904300000012199CNYhttp://www.zhenaiyisheng.cc/module/payment/yeepaynotifyurl.php01CMBCHINA-NET-B2C1]|hmac[5005dc422787e846529b2993ed93b151]